<?xml version="1.0" encoding="UTF-8"?><testsuite errors="0" failures="1" hostname="csy-PC" name="chrome QE1" tests="1" time="216.704" timestamp="2012-10-26T02:22:07"><testcase classname="com.omniture.uiautomation.genesis.tests.RibbonButtonAndLanguageTest" name="testRibbonButtonAndLanguage" time="216.689"><failure message="Timed out after 30 seconds&#10;Build info: version: '2.20.0', revision: '16008', time: '2012-02-27 19:03:04'&#10;System info: os.name: 'Windows Vista', os.arch: 'x86', os.version: '6.1', java.version: '1.6.0_10-rc2'&#10;Driver info: driver.version: unknown" type="org.openqa.selenium.TimeoutException">org.openqa.selenium.TimeoutException: Timed out after 30 seconds
Build info: version: '2.20.0', revision: '16008', time: '2012-02-27 19:03:04'
System info: os.name: 'Windows Vista', os.arch: 'x86', os.version: '6.1', java.version: '1.6.0_10-rc2'
Driver info: driver.version: unknown&#13;
	at org.openqa.selenium.support.ui.FluentWait.timeoutException(FluentWait.java:252)&#13;
	at org.openqa.selenium.support.ui.FluentWait.until(FluentWait.java:221)&#13;
	at com.omniture.uiautomation.framework.SeleniumPage.waitUntilElement(SeleniumPage.java:333)&#13;
	at com.omniture.uiautomation.genesis.pages.GenesisConsolePage.assertBasicConsoleDisplay(GenesisConsolePage.java:129)&#13;
	at com.omniture.uiautomation.genesis.tests.RibbonButtonAndLanguageTest.testRibbonButtonAndLanguage(RibbonButtonAndLanguageTest.java:65)&#13;
	at sun.reflect.NativeMethodAccessorImpl.invoke0(Native Method)&#13;
	at sun.reflect.NativeMethodAccessorImpl.invoke(NativeMethodAccessorImpl.java:39)&#13;
	at sun.reflect.DelegatingMethodAccessorImpl.invoke(DelegatingMethodAccessorImpl.java:25)&#13;
	at java.lang.reflect.Method.invoke(Method.java:597)&#13;
	at org.junit.runners.model.FrameworkMethod$1.runReflectiveCall(FrameworkMethod.java:45)&#13;
	at org.junit.internal.runners.model.ReflectiveCallable.run(ReflectiveCallable.java:15)&#13;
	at org.junit.runners.model.FrameworkMethod.invokeExplosively(FrameworkMethod.java:42)&#13;
	at org.junit.internal.runners.statements.InvokeMethod.evaluate(InvokeMethod.java:20)&#13;
	at org.junit.internal.runners.statements.RunBefores.evaluate(RunBefores.java:28)&#13;
	at org.junit.internal.runners.statements.RunAfters.evaluate(RunAfters.java:30)&#13;
	at org.junit.runners.ParentRunner.runLeaf(ParentRunner.java:263)&#13;
	at org.junit.runners.BlockJUnit4ClassRunner.runChild(BlockJUnit4ClassRunner.java:68)&#13;
	at org.junit.runners.BlockJUnit4ClassRunner.runChild(BlockJUnit4ClassRunner.java:47)&#13;
	at org.junit.runners.ParentRunner$3.run(ParentRunner.java:231)&#13;
	at org.junit.runners.ParentRunner$1.schedule(ParentRunner.java:60)&#13;
	at org.junit.runners.ParentRunner.runChildren(ParentRunner.java:229)&#13;
	at org.junit.runners.ParentRunner.access$000(ParentRunner.java:50)&#13;
	at org.junit.runners.ParentRunner$2.evaluate(ParentRunner.java:222)&#13;
	at org.junit.runners.ParentRunner.run(ParentRunner.java:300)&#13;
	at org.junit.runners.Suite.runChild(Suite.java:128)&#13;
	at org.junit.runners.Suite.runChild(Suite.java:24)&#13;
	at org.junit.runners.ParentRunner$3.run(ParentRunner.java:231)&#13;
	at org.junit.runners.ParentRunner$1.schedule(ParentRunner.java:60)&#13;
	at org.junit.runners.ParentRunner.runChildren(ParentRunner.java:229)&#13;
	at org.junit.runners.ParentRunner.access$000(ParentRunner.java:50)&#13;
	at org.junit.runners.ParentRunner$2.evaluate(ParentRunner.java:222)&#13;
	at org.junit.runners.ParentRunner.run(ParentRunner.java:300)&#13;
	at org.junit.runner.JUnitCore.run(JUnitCore.java:157)&#13;
	at org.junit.runner.JUnitCore.run(JUnitCore.java:136)&#13;
	at org.junit.runner.JUnitCore.run(JUnitCore.java:117)&#13;
	at com.omniture.uiautomation.TestRunner.runOnce(TestRunner.java:113)&#13;
	at com.omniture.uiautomation.TestRunner.runAll(TestRunner.java:89)&#13;
	at com.omniture.uiautomation.TestRunner.run(TestRunner.java:68)&#13;
	at com.omniture.uiautomation.TestRunner.main(TestRunner.java:40)&#13;
Caused by: org.openqa.selenium.NoSuchElementException: The element could not be found (WARNING: The server did not provide any stacktrace information)
Command duration or timeout: 31 milliseconds
For documentation on this error, please visit: http://seleniumhq.org/exceptions/no_such_element.html
Build info: version: '2.20.0', revision: '16008', time: '2012-02-27 19:03:04'
System info: os.name: 'Windows Vista', os.arch: 'x86', os.version: '6.1', java.version: '1.6.0_10-rc2'
Driver info: driver.version: RemoteWebDriver&#13;
	at sun.reflect.GeneratedConstructorAccessor8.newInstance(Unknown Source)&#13;
	at sun.reflect.DelegatingConstructorAccessorImpl.newInstance(DelegatingConstructorAccessorImpl.java:27)&#13;
	at java.lang.reflect.Constructor.newInstance(Constructor.java:513)&#13;
	at org.openqa.selenium.remote.ErrorHandler.createThrowable(ErrorHandler.java:170)&#13;
	at org.openqa.selenium.remote.ErrorHandler.throwIfResponseFailed(ErrorHandler.java:123)&#13;
	at org.openqa.selenium.remote.RemoteWebDriver.execute(RemoteWebDriver.java:438)&#13;
	at org.openqa.selenium.remote.RemoteWebDriver.findElement(RemoteWebDriver.java:226)&#13;
	at org.openqa.selenium.remote.RemoteWebDriver.findElementByXPath(RemoteWebDriver.java:299)&#13;
	at org.openqa.selenium.By$ByXPath.findElement(By.java:344)&#13;
	at org.openqa.selenium.remote.RemoteWebDriver.findElement(RemoteWebDriver.java:218)&#13;
	at org.openqa.selenium.support.ui.ExpectedConditions.findElement(ExpectedConditions.java:343)&#13;
	at org.openqa.selenium.support.ui.ExpectedConditions.access$0(ExpectedConditions.java:341)&#13;
	at org.openqa.selenium.support.ui.ExpectedConditions$3.apply(ExpectedConditions.java:88)&#13;
	at org.openqa.selenium.support.ui.ExpectedConditions$3.apply(ExpectedConditions.java:1)&#13;
	at org.openqa.selenium.support.ui.FluentWait.until(FluentWait.java:201)&#13;
	... 37 more&#13;
</failure></testcase></testsuite>