<?xml version="1.0" encoding="UTF-8"?><testsuite errors="0" failures="3" hostname="csy-PC" name="firefox Live-DAL" tests="8" time="553.417" timestamp="2012-08-17T01:22:37"><testcase classname="com.omniture.uiautomation.genesis.tests.AddIntegrationTest" name="testAddIntegration" time="100.874"/><testcase classname="com.omniture.uiautomation.genesis.tests.DashboardTipsTricksTest" name="testDashboardTipsTricks" time="75.557"><failure message="Unable to locate element: {&quot;method&quot;:&quot;xpath&quot;,&quot;selector&quot;:&quot;//ul[@class='tips-and-tricks-feed']&quot;}&#10;Command duration or timeout: 19 milliseconds&#10;For documentation on this error, please visit: http://seleniumhq.org/exceptions/no_such_element.html&#10;Build info: version: '2.20.0', revision: '16008', time: '2012-02-27 19:03:04'&#10;System info: os.name: 'Windows Vista', os.arch: 'x86', os.version: '6.1', java.version: '1.6.0_10-rc2'&#10;Driver info: driver.version: RemoteWebDriver" type="org.openqa.selenium.NoSuchElementException">org.openqa.selenium.NoSuchElementException: Unable to locate element: {"method":"xpath","selector":"//ul[@class='tips-and-tricks-feed']"}
Command duration or timeout: 19 milliseconds
For documentation on this error, please visit: http://seleniumhq.org/exceptions/no_such_element.html
Build info: version: '2.20.0', revision: '16008', time: '2012-02-27 19:03:04'
System info: os.name: 'Windows Vista', os.arch: 'x86', os.version: '6.1', java.version: '1.6.0_10-rc2'
Driver info: driver.version: RemoteWebDriver&#13;
	at sun.reflect.NativeConstructorAccessorImpl.newInstance0(Native Method)&#13;
	at sun.reflect.NativeConstructorAccessorImpl.newInstance(NativeConstructorAccessorImpl.java:39)&#13;
	at sun.reflect.DelegatingConstructorAccessorImpl.newInstance(DelegatingConstructorAccessorImpl.java:27)&#13;
	at java.lang.reflect.Constructor.newInstance(Constructor.java:513)&#13;
	at org.openqa.selenium.remote.ErrorHandler.createThrowable(ErrorHandler.java:170)&#13;
	at org.openqa.selenium.remote.ErrorHandler.throwIfResponseFailed(ErrorHandler.java:123)&#13;
	at org.openqa.selenium.remote.RemoteWebDriver.execute(RemoteWebDriver.java:438)&#13;
	at org.openqa.selenium.remote.RemoteWebDriver.findElement(RemoteWebDriver.java:226)&#13;
	at org.openqa.selenium.remote.RemoteWebDriver.findElementByXPath(RemoteWebDriver.java:299)&#13;
	at org.openqa.selenium.By$ByXPath.findElement(By.java:344)&#13;
	at org.openqa.selenium.remote.RemoteWebDriver.findElement(RemoteWebDriver.java:218)&#13;
	at com.omniture.uiautomation.framework.SeleniumPage.findElement(SeleniumPage.java:52)&#13;
	at com.omniture.uiautomation.framework.SeleniumPage.assertElementExists(SeleniumPage.java:190)&#13;
	at com.omniture.uiautomation.genesis.pages.GenesisConsolePage.assertTipTrickTabDisplay(GenesisConsolePage.java:82)&#13;
	at com.omniture.uiautomation.genesis.tests.DashboardTipsTricksTest.testDashboardTipsTricks(DashboardTipsTricksTest.java:34)&#13;
	at sun.reflect.NativeMethodAccessorImpl.invoke0(Native Method)&#13;
	at sun.reflect.NativeMethodAccessorImpl.invoke(NativeMethodAccessorImpl.java:39)&#13;
	at sun.reflect.DelegatingMethodAccessorImpl.invoke(DelegatingMethodAccessorImpl.java:25)&#13;
	at java.lang.reflect.Method.invoke(Method.java:597)&#13;
	at org.junit.runners.model.FrameworkMethod$1.runReflectiveCall(FrameworkMethod.java:45)&#13;
	at org.junit.internal.runners.model.ReflectiveCallable.run(ReflectiveCallable.java:15)&#13;
	at org.junit.runners.model.FrameworkMethod.invokeExplosively(FrameworkMethod.java:42)&#13;
	at org.junit.internal.runners.statements.InvokeMethod.evaluate(InvokeMethod.java:20)&#13;
	at org.junit.internal.runners.statements.RunBefores.evaluate(RunBefores.java:28)&#13;
	at org.junit.internal.runners.statements.RunAfters.evaluate(RunAfters.java:30)&#13;
	at org.junit.runners.ParentRunner.runLeaf(ParentRunner.java:263)&#13;
	at org.junit.runners.BlockJUnit4ClassRunner.runChild(BlockJUnit4ClassRunner.java:68)&#13;
	at org.junit.runners.BlockJUnit4ClassRunner.runChild(BlockJUnit4ClassRunner.java:47)&#13;
	at org.junit.runners.ParentRunner$3.run(ParentRunner.java:231)&#13;
	at org.junit.runners.ParentRunner$1.schedule(ParentRunner.java:60)&#13;
	at org.junit.runners.ParentRunner.runChildren(ParentRunner.java:229)&#13;
	at org.junit.runners.ParentRunner.access$000(ParentRunner.java:50)&#13;
	at org.junit.runners.ParentRunner$2.evaluate(ParentRunner.java:222)&#13;
	at org.junit.runners.ParentRunner.run(ParentRunner.java:300)&#13;
	at org.junit.runners.Suite.runChild(Suite.java:128)&#13;
	at org.junit.runners.Suite.runChild(Suite.java:24)&#13;
	at org.junit.runners.ParentRunner$3.run(ParentRunner.java:231)&#13;
	at org.junit.runners.ParentRunner$1.schedule(ParentRunner.java:60)&#13;
	at org.junit.runners.ParentRunner.runChildren(ParentRunner.java:229)&#13;
	at org.junit.runners.ParentRunner.access$000(ParentRunner.java:50)&#13;
	at org.junit.runners.ParentRunner$2.evaluate(ParentRunner.java:222)&#13;
	at org.junit.runners.ParentRunner.run(ParentRunner.java:300)&#13;
	at org.junit.runner.JUnitCore.run(JUnitCore.java:157)&#13;
	at org.junit.runner.JUnitCore.run(JUnitCore.java:136)&#13;
	at org.junit.runner.JUnitCore.run(JUnitCore.java:117)&#13;
	at com.omniture.uiautomation.TestRunner.runOnce(TestRunner.java:113)&#13;
	at com.omniture.uiautomation.TestRunner.runAll(TestRunner.java:89)&#13;
	at com.omniture.uiautomation.TestRunner.run(TestRunner.java:68)&#13;
	at com.omniture.uiautomation.TestRunner.main(TestRunner.java:40)&#13;
Caused by: org.openqa.selenium.remote.ErrorHandler$UnknownServerException: Unable to locate element: {"method":"xpath","selector":"//ul[@class='tips-and-tricks-feed']"}
Build info: version: '2.20.0', revision: '16008', time: '2012-02-27 19:03:04'
System info: os.name: 'Windows Vista', os.arch: 'x86', os.version: '6.1', java.version: '1.6.0_10-rc2'
Driver info: driver.version: unknown&#13;
	at &lt;anonymous class&gt;.&lt;anonymous method&gt;(file:///C:/Users/shichen/AppData/Local/Temp/anonymous22688webdriver-profile/extensions/fxdriver@googlecode.com/components/driver_component.js:10140)&#13;
	at &lt;anonymous class&gt;.&lt;anonymous method&gt;(file:///C:/Users/shichen/AppData/Local/Temp/anonymous22688webdriver-profile/extensions/fxdriver@googlecode.com/components/driver_component.js:10148)&#13;
	at &lt;anonymous class&gt;.&lt;anonymous method&gt;(file:///C:/Users/shichen/AppData/Local/Temp/anonymous22688webdriver-profile/extensions/fxdriver@googlecode.com/components/command_processor.js:10529)&#13;
	at &lt;anonymous class&gt;.&lt;anonymous method&gt;(file:///C:/Users/shichen/AppData/Local/Temp/anonymous22688webdriver-profile/extensions/fxdriver@googlecode.com/components/command_processor.js:10534)&#13;
	at &lt;anonymous class&gt;.&lt;anonymous method&gt;(file:///C:/Users/shichen/AppData/Local/Temp/anonymous22688webdriver-profile/extensions/fxdriver@googlecode.com/components/command_processor.js:10482)&#13;
</failure></testcase><testcase classname="com.omniture.uiautomation.genesis.tests.RibbonButtonAndLanguageTest" name="testRibbonButtonAndLanguage" time="116.876"/><testcase classname="com.omniture.uiautomation.genesis.tests.SearchTextboxTest" name="testSearchTextbox" time="21.332"/><testcase classname="com.omniture.uiautomation.genesis.tests.SortingAndPaginationTest" name="testSortingAndPagination" time="53.366"/><testcase classname="com.omniture.uiautomation.genesis.tests.SortTest" name="testSort" time="9.916"/><testcase classname="com.omniture.uiautomation.genesis.tests.SupportConfigureTest" name="testSupportConfigure" time="80.168"><failure message="Unable to locate element: {&quot;method&quot;:&quot;xpath&quot;,&quot;selector&quot;:&quot;//input[@id='code_type_php']&quot;}&#10;Command duration or timeout: 8 milliseconds&#10;For documentation on this error, please visit: http://seleniumhq.org/exceptions/no_such_element.html&#10;Build info: version: '2.20.0', revision: '16008', time: '2012-02-27 19:03:04'&#10;System info: os.name: 'Windows Vista', os.arch: 'x86', os.version: '6.1', java.version: '1.6.0_10-rc2'&#10;Driver info: driver.version: RemoteWebDriver" type="org.openqa.selenium.NoSuchElementException">org.openqa.selenium.NoSuchElementException: Unable to locate element: {"method":"xpath","selector":"//input[@id='code_type_php']"}
Command duration or timeout: 8 milliseconds
For documentation on this error, please visit: http://seleniumhq.org/exceptions/no_such_element.html
Build info: version: '2.20.0', revision: '16008', time: '2012-02-27 19:03:04'
System info: os.name: 'Windows Vista', os.arch: 'x86', os.version: '6.1', java.version: '1.6.0_10-rc2'
Driver info: driver.version: RemoteWebDriver&#13;
	at sun.reflect.GeneratedConstructorAccessor13.newInstance(Unknown Source)&#13;
	at sun.reflect.DelegatingConstructorAccessorImpl.newInstance(DelegatingConstructorAccessorImpl.java:27)&#13;
	at java.lang.reflect.Constructor.newInstance(Constructor.java:513)&#13;
	at org.openqa.selenium.remote.ErrorHandler.createThrowable(ErrorHandler.java:170)&#13;
	at org.openqa.selenium.remote.ErrorHandler.throwIfResponseFailed(ErrorHandler.java:123)&#13;
	at org.openqa.selenium.remote.RemoteWebDriver.execute(RemoteWebDriver.java:438)&#13;
	at org.openqa.selenium.remote.RemoteWebDriver.findElement(RemoteWebDriver.java:226)&#13;
	at org.openqa.selenium.remote.RemoteWebDriver.findElementByXPath(RemoteWebDriver.java:299)&#13;
	at org.openqa.selenium.By$ByXPath.findElement(By.java:344)&#13;
	at org.openqa.selenium.remote.RemoteWebDriver.findElement(RemoteWebDriver.java:218)&#13;
	at com.omniture.uiautomation.framework.SeleniumPage.findElement(SeleniumPage.java:52)&#13;
	at com.omniture.uiautomation.framework.SeleniumPage.click(SeleniumPage.java:98)&#13;
	at com.omniture.uiautomation.genesis.pages.GenesisWizardPage.performFacebook(GenesisWizardPage.java:109)&#13;
	at com.omniture.uiautomation.genesis.tests.SupportConfigureTest.testSupportConfigure(SupportConfigureTest.java:24)&#13;
	at sun.reflect.NativeMethodAccessorImpl.invoke0(Native Method)&#13;
	at sun.reflect.NativeMethodAccessorImpl.invoke(NativeMethodAccessorImpl.java:39)&#13;
	at sun.reflect.DelegatingMethodAccessorImpl.invoke(DelegatingMethodAccessorImpl.java:25)&#13;
	at java.lang.reflect.Method.invoke(Method.java:597)&#13;
	at org.junit.runners.model.FrameworkMethod$1.runReflectiveCall(FrameworkMethod.java:45)&#13;
	at org.junit.internal.runners.model.ReflectiveCallable.run(ReflectiveCallable.java:15)&#13;
	at org.junit.runners.model.FrameworkMethod.invokeExplosively(FrameworkMethod.java:42)&#13;
	at org.junit.internal.runners.statements.InvokeMethod.evaluate(InvokeMethod.java:20)&#13;
	at org.junit.internal.runners.statements.RunBefores.evaluate(RunBefores.java:28)&#13;
	at org.junit.internal.runners.statements.RunAfters.evaluate(RunAfters.java:30)&#13;
	at org.junit.runners.ParentRunner.runLeaf(ParentRunner.java:263)&#13;
	at org.junit.runners.BlockJUnit4ClassRunner.runChild(BlockJUnit4ClassRunner.java:68)&#13;
	at org.junit.runners.BlockJUnit4ClassRunner.runChild(BlockJUnit4ClassRunner.java:47)&#13;
	at org.junit.runners.ParentRunner$3.run(ParentRunner.java:231)&#13;
	at org.junit.runners.ParentRunner$1.schedule(ParentRunner.java:60)&#13;
	at org.junit.runners.ParentRunner.runChildren(ParentRunner.java:229)&#13;
	at org.junit.runners.ParentRunner.access$000(ParentRunner.java:50)&#13;
	at org.junit.runners.ParentRunner$2.evaluate(ParentRunner.java:222)&#13;
	at org.junit.runners.ParentRunner.run(ParentRunner.java:300)&#13;
	at org.junit.runners.Suite.runChild(Suite.java:128)&#13;
	at org.junit.runners.Suite.runChild(Suite.java:24)&#13;
	at org.junit.runners.ParentRunner$3.run(ParentRunner.java:231)&#13;
	at org.junit.runners.ParentRunner$1.schedule(ParentRunner.java:60)&#13;
	at org.junit.runners.ParentRunner.runChildren(ParentRunner.java:229)&#13;
	at org.junit.runners.ParentRunner.access$000(ParentRunner.java:50)&#13;
	at org.junit.runners.ParentRunner$2.evaluate(ParentRunner.java:222)&#13;
	at org.junit.runners.ParentRunner.run(ParentRunner.java:300)&#13;
	at org.junit.runner.JUnitCore.run(JUnitCore.java:157)&#13;
	at org.junit.runner.JUnitCore.run(JUnitCore.java:136)&#13;
	at org.junit.runner.JUnitCore.run(JUnitCore.java:117)&#13;
	at com.omniture.uiautomation.TestRunner.runOnce(TestRunner.java:113)&#13;
	at com.omniture.uiautomation.TestRunner.runAll(TestRunner.java:89)&#13;
	at com.omniture.uiautomation.TestRunner.run(TestRunner.java:68)&#13;
	at com.omniture.uiautomation.TestRunner.main(TestRunner.java:40)&#13;
Caused by: org.openqa.selenium.remote.ErrorHandler$UnknownServerException: Unable to locate element: {"method":"xpath","selector":"//input[@id='code_type_php']"}
Build info: version: '2.20.0', revision: '16008', time: '2012-02-27 19:03:04'
System info: os.name: 'Windows Vista', os.arch: 'x86', os.version: '6.1', java.version: '1.6.0_10-rc2'
Driver info: driver.version: unknown&#13;
	at &lt;anonymous class&gt;.&lt;anonymous method&gt;(file:///C:/Users/shichen/AppData/Local/Temp/anonymous22688webdriver-profile/extensions/fxdriver@googlecode.com/components/driver_component.js:10140)&#13;
	at &lt;anonymous class&gt;.&lt;anonymous method&gt;(file:///C:/Users/shichen/AppData/Local/Temp/anonymous22688webdriver-profile/extensions/fxdriver@googlecode.com/components/driver_component.js:10148)&#13;
	at &lt;anonymous class&gt;.&lt;anonymous method&gt;(file:///C:/Users/shichen/AppData/Local/Temp/anonymous22688webdriver-profile/extensions/fxdriver@googlecode.com/components/command_processor.js:10529)&#13;
	at &lt;anonymous class&gt;.&lt;anonymous method&gt;(file:///C:/Users/shichen/AppData/Local/Temp/anonymous22688webdriver-profile/extensions/fxdriver@googlecode.com/components/command_processor.js:10534)&#13;
	at &lt;anonymous class&gt;.&lt;anonymous method&gt;(file:///C:/Users/shichen/AppData/Local/Temp/anonymous22688webdriver-profile/extensions/fxdriver@googlecode.com/components/command_processor.js:10482)&#13;
</failure></testcase><testcase classname="com.omniture.uiautomation.genesis.tests.WizardTest" name="testWizard" time="95.312"><failure message="Unable to locate element: {&quot;method&quot;:&quot;xpath&quot;,&quot;selector&quot;:&quot;//input[@id='code_type_php']&quot;}&#10;Command duration or timeout: 13 milliseconds&#10;For documentation on this error, please visit: http://seleniumhq.org/exceptions/no_such_element.html&#10;Build info: version: '2.20.0', revision: '16008', time: '2012-02-27 19:03:04'&#10;System info: os.name: 'Windows Vista', os.arch: 'x86', os.version: '6.1', java.version: '1.6.0_10-rc2'&#10;Driver info: driver.version: RemoteWebDriver" type="org.openqa.selenium.NoSuchElementException">org.openqa.selenium.NoSuchElementException: Unable to locate element: {"method":"xpath","selector":"//input[@id='code_type_php']"}
Command duration or timeout: 13 milliseconds
For documentation on this error, please visit: http://seleniumhq.org/exceptions/no_such_element.html
Build info: version: '2.20.0', revision: '16008', time: '2012-02-27 19:03:04'
System info: os.name: 'Windows Vista', os.arch: 'x86', os.version: '6.1', java.version: '1.6.0_10-rc2'
Driver info: driver.version: RemoteWebDriver&#13;
	at sun.reflect.GeneratedConstructorAccessor14.newInstance(Unknown Source)&#13;
	at sun.reflect.DelegatingConstructorAccessorImpl.newInstance(DelegatingConstructorAccessorImpl.java:27)&#13;
	at java.lang.reflect.Constructor.newInstance(Constructor.java:513)&#13;
	at org.openqa.selenium.remote.ErrorHandler.createThrowable(ErrorHandler.java:170)&#13;
	at org.openqa.selenium.remote.ErrorHandler.throwIfResponseFailed(ErrorHandler.java:123)&#13;
	at org.openqa.selenium.remote.RemoteWebDriver.execute(RemoteWebDriver.java:438)&#13;
	at org.openqa.selenium.remote.RemoteWebDriver.findElement(RemoteWebDriver.java:226)&#13;
	at org.openqa.selenium.remote.RemoteWebDriver.findElementByXPath(RemoteWebDriver.java:299)&#13;
	at org.openqa.selenium.By$ByXPath.findElement(By.java:344)&#13;
	at org.openqa.selenium.remote.RemoteWebDriver.findElement(RemoteWebDriver.java:218)&#13;
	at com.omniture.uiautomation.framework.SeleniumPage.findElement(SeleniumPage.java:52)&#13;
	at com.omniture.uiautomation.framework.SeleniumPage.click(SeleniumPage.java:98)&#13;
	at com.omniture.uiautomation.genesis.pages.GenesisWizardPage.performFacebook(GenesisWizardPage.java:109)&#13;
	at com.omniture.uiautomation.genesis.tests.WizardTest.testWizard(WizardTest.java:38)&#13;
	at sun.reflect.NativeMethodAccessorImpl.invoke0(Native Method)&#13;
	at sun.reflect.NativeMethodAccessorImpl.invoke(NativeMethodAccessorImpl.java:39)&#13;
	at sun.reflect.DelegatingMethodAccessorImpl.invoke(DelegatingMethodAccessorImpl.java:25)&#13;
	at java.lang.reflect.Method.invoke(Method.java:597)&#13;
	at org.junit.runners.model.FrameworkMethod$1.runReflectiveCall(FrameworkMethod.java:45)&#13;
	at org.junit.internal.runners.model.ReflectiveCallable.run(ReflectiveCallable.java:15)&#13;
	at org.junit.runners.model.FrameworkMethod.invokeExplosively(FrameworkMethod.java:42)&#13;
	at org.junit.internal.runners.statements.InvokeMethod.evaluate(InvokeMethod.java:20)&#13;
	at org.junit.internal.runners.statements.RunBefores.evaluate(RunBefores.java:28)&#13;
	at org.junit.internal.runners.statements.RunAfters.evaluate(RunAfters.java:30)&#13;
	at org.junit.runners.ParentRunner.runLeaf(ParentRunner.java:263)&#13;
	at org.junit.runners.BlockJUnit4ClassRunner.runChild(BlockJUnit4ClassRunner.java:68)&#13;
	at org.junit.runners.BlockJUnit4ClassRunner.runChild(BlockJUnit4ClassRunner.java:47)&#13;
	at org.junit.runners.ParentRunner$3.run(ParentRunner.java:231)&#13;
	at org.junit.runners.ParentRunner$1.schedule(ParentRunner.java:60)&#13;
	at org.junit.runners.ParentRunner.runChildren(ParentRunner.java:229)&#13;
	at org.junit.runners.ParentRunner.access$000(ParentRunner.java:50)&#13;
	at org.junit.runners.ParentRunner$2.evaluate(ParentRunner.java:222)&#13;
	at org.junit.runners.ParentRunner.run(ParentRunner.java:300)&#13;
	at org.junit.runners.Suite.runChild(Suite.java:128)&#13;
	at org.junit.runners.Suite.runChild(Suite.java:24)&#13;
	at org.junit.runners.ParentRunner$3.run(ParentRunner.java:231)&#13;
	at org.junit.runners.ParentRunner$1.schedule(ParentRunner.java:60)&#13;
	at org.junit.runners.ParentRunner.runChildren(ParentRunner.java:229)&#13;
	at org.junit.runners.ParentRunner.access$000(ParentRunner.java:50)&#13;
	at org.junit.runners.ParentRunner$2.evaluate(ParentRunner.java:222)&#13;
	at org.junit.runners.ParentRunner.run(ParentRunner.java:300)&#13;
	at org.junit.runner.JUnitCore.run(JUnitCore.java:157)&#13;
	at org.junit.runner.JUnitCore.run(JUnitCore.java:136)&#13;
	at org.junit.runner.JUnitCore.run(JUnitCore.java:117)&#13;
	at com.omniture.uiautomation.TestRunner.runOnce(TestRunner.java:113)&#13;
	at com.omniture.uiautomation.TestRunner.runAll(TestRunner.java:89)&#13;
	at com.omniture.uiautomation.TestRunner.run(TestRunner.java:68)&#13;
	at com.omniture.uiautomation.TestRunner.main(TestRunner.java:40)&#13;
Caused by: org.openqa.selenium.remote.ErrorHandler$UnknownServerException: Unable to locate element: {"method":"xpath","selector":"//input[@id='code_type_php']"}
Build info: version: '2.20.0', revision: '16008', time: '2012-02-27 19:03:04'
System info: os.name: 'Windows Vista', os.arch: 'x86', os.version: '6.1', java.version: '1.6.0_10-rc2'
Driver info: driver.version: unknown&#13;
	at &lt;anonymous class&gt;.&lt;anonymous method&gt;(file:///C:/Users/shichen/AppData/Local/Temp/anonymous22688webdriver-profile/extensions/fxdriver@googlecode.com/components/driver_component.js:10140)&#13;
	at &lt;anonymous class&gt;.&lt;anonymous method&gt;(file:///C:/Users/shichen/AppData/Local/Temp/anonymous22688webdriver-profile/extensions/fxdriver@googlecode.com/components/driver_component.js:10148)&#13;
	at &lt;anonymous class&gt;.&lt;anonymous method&gt;(file:///C:/Users/shichen/AppData/Local/Temp/anonymous22688webdriver-profile/extensions/fxdriver@googlecode.com/components/command_processor.js:10529)&#13;
	at &lt;anonymous class&gt;.&lt;anonymous method&gt;(file:///C:/Users/shichen/AppData/Local/Temp/anonymous22688webdriver-profile/extensions/fxdriver@googlecode.com/components/command_processor.js:10534)&#13;
	at &lt;anonymous class&gt;.&lt;anonymous method&gt;(file:///C:/Users/shichen/AppData/Local/Temp/anonymous22688webdriver-profile/extensions/fxdriver@googlecode.com/components/command_processor.js:10482)&#13;
</failure></testcase></testsuite>