<?xml version="1.0" encoding="UTF-8"?><testsuite errors="0" failures="1" hostname="csy-PC" name="ie DevConn-Beta" tests="1" time="204.898" timestamp="2012-06-05T08:41:02"><testcase classname="com.omniture.uiautomation.devcenter.tests.MyProductsTest" name="testMyProductsPage" time="204.886"><failure message="No alert is active (WARNING: The server did not provide any stacktrace information)&#10;Command duration or timeout: 101 milliseconds&#10;Build info: version: '2.20.0', revision: '16008', time: '2012-02-27 19:03:04'&#10;System info: os.name: 'Windows 7', os.arch: 'amd64', os.version: '6.1', java.version: '1.6.0_25'&#10;Driver info: driver.version: RemoteWebDriver&#10;Command duration or timeout: 108 milliseconds&#10;Build info: version: '2.20.0', revision: '16008', time: '2012-02-27 19:03:04'&#10;System info: os.name: 'Windows Vista', os.arch: 'x86', os.version: '6.1', java.version: '1.6.0_10-rc2'&#10;Driver info: driver.version: RemoteWebDriver" type="org.openqa.selenium.NoAlertPresentException">org.openqa.selenium.NoAlertPresentException: No alert is active (WARNING: The server did not provide any stacktrace information)
Command duration or timeout: 101 milliseconds
Build info: version: '2.20.0', revision: '16008', time: '2012-02-27 19:03:04'
System info: os.name: 'Windows 7', os.arch: 'amd64', os.version: '6.1', java.version: '1.6.0_25'
Driver info: driver.version: RemoteWebDriver
Command duration or timeout: 108 milliseconds
Build info: version: '2.20.0', revision: '16008', time: '2012-02-27 19:03:04'
System info: os.name: 'Windows Vista', os.arch: 'x86', os.version: '6.1', java.version: '1.6.0_10-rc2'
Driver info: driver.version: RemoteWebDriver&#13;
	at sun.reflect.NativeConstructorAccessorImpl.newInstance0(Native Method)&#13;
	at sun.reflect.NativeConstructorAccessorImpl.newInstance(NativeConstructorAccessorImpl.java:39)&#13;
	at sun.reflect.DelegatingConstructorAccessorImpl.newInstance(DelegatingConstructorAccessorImpl.java:27)&#13;
	at java.lang.reflect.Constructor.newInstance(Constructor.java:513)&#13;
	at org.openqa.selenium.remote.ErrorHandler.createThrowable(ErrorHandler.java:170)&#13;
	at org.openqa.selenium.remote.ErrorHandler.throwIfResponseFailed(ErrorHandler.java:123)&#13;
	at org.openqa.selenium.remote.RemoteWebDriver.execute(RemoteWebDriver.java:438)&#13;
	at org.openqa.selenium.remote.RemoteWebDriver.execute(RemoteWebDriver.java:442)&#13;
	at org.openqa.selenium.remote.RemoteWebDriver$RemoteTargetLocator.alert(RemoteWebDriver.java:697)&#13;
	at com.omniture.uiautomation.devcenter.pages.TestProductsPage.deleteProduct(TestProductsPage.java:154)&#13;
	at com.omniture.uiautomation.devcenter.tests.MyProductsTest.testMyProductsPage(MyProductsTest.java:28)&#13;
	at sun.reflect.NativeMethodAccessorImpl.invoke0(Native Method)&#13;
	at sun.reflect.NativeMethodAccessorImpl.invoke(NativeMethodAccessorImpl.java:39)&#13;
	at sun.reflect.DelegatingMethodAccessorImpl.invoke(DelegatingMethodAccessorImpl.java:25)&#13;
	at java.lang.reflect.Method.invoke(Method.java:597)&#13;
	at org.junit.runners.model.FrameworkMethod$1.runReflectiveCall(FrameworkMethod.java:45)&#13;
	at org.junit.internal.runners.model.ReflectiveCallable.run(ReflectiveCallable.java:15)&#13;
	at org.junit.runners.model.FrameworkMethod.invokeExplosively(FrameworkMethod.java:42)&#13;
	at org.junit.internal.runners.statements.InvokeMethod.evaluate(InvokeMethod.java:20)&#13;
	at org.junit.internal.runners.statements.RunBefores.evaluate(RunBefores.java:28)&#13;
	at org.junit.internal.runners.statements.RunAfters.evaluate(RunAfters.java:30)&#13;
	at org.junit.runners.ParentRunner.runLeaf(ParentRunner.java:263)&#13;
	at org.junit.runners.BlockJUnit4ClassRunner.runChild(BlockJUnit4ClassRunner.java:68)&#13;
	at org.junit.runners.BlockJUnit4ClassRunner.runChild(BlockJUnit4ClassRunner.java:47)&#13;
	at org.junit.runners.ParentRunner$3.run(ParentRunner.java:231)&#13;
	at org.junit.runners.ParentRunner$1.schedule(ParentRunner.java:60)&#13;
	at org.junit.runners.ParentRunner.runChildren(ParentRunner.java:229)&#13;
	at org.junit.runners.ParentRunner.access$000(ParentRunner.java:50)&#13;
	at org.junit.runners.ParentRunner$2.evaluate(ParentRunner.java:222)&#13;
	at org.junit.runners.ParentRunner.run(ParentRunner.java:300)&#13;
	at org.junit.runners.Suite.runChild(Suite.java:128)&#13;
	at org.junit.runners.Suite.runChild(Suite.java:24)&#13;
	at org.junit.runners.ParentRunner$3.run(ParentRunner.java:231)&#13;
	at org.junit.runners.ParentRunner$1.schedule(ParentRunner.java:60)&#13;
	at org.junit.runners.ParentRunner.runChildren(ParentRunner.java:229)&#13;
	at org.junit.runners.ParentRunner.access$000(ParentRunner.java:50)&#13;
	at org.junit.runners.ParentRunner$2.evaluate(ParentRunner.java:222)&#13;
	at org.junit.runners.ParentRunner.run(ParentRunner.java:300)&#13;
	at org.junit.runner.JUnitCore.run(JUnitCore.java:157)&#13;
	at org.junit.runner.JUnitCore.run(JUnitCore.java:136)&#13;
	at org.junit.runner.JUnitCore.run(JUnitCore.java:117)&#13;
	at com.omniture.uiautomation.TestRunner.runOnce(TestRunner.java:113)&#13;
	at com.omniture.uiautomation.TestRunner.runAll(TestRunner.java:89)&#13;
	at com.omniture.uiautomation.TestRunner.run(TestRunner.java:68)&#13;
	at com.omniture.uiautomation.TestRunner.main(TestRunner.java:40)&#13;
Caused by: org.openqa.selenium.NoAlertPresentException: No alert is active (WARNING: The server did not provide any stacktrace information)
Command duration or timeout: 101 milliseconds
Build info: version: '2.20.0', revision: '16008', time: '2012-02-27 19:03:04'
System info: os.name: 'Windows 7', os.arch: 'amd64', os.version: '6.1', java.version: '1.6.0_25'
Driver info: driver.version: RemoteWebDriver
Build info: version: '2.20.0', revision: '16008', time: '2012-02-27 19:03:04'
System info: os.name: 'Windows Vista', os.arch: 'x86', os.version: '6.1', java.version: '1.6.0_10-rc2'
Driver info: driver.version: RemoteWebDriver&#13;
	at sun.reflect.NativeConstructorAccessorImpl.newInstance0(Native Method)&#13;
	at sun.reflect.NativeConstructorAccessorImpl.newInstance(Unknown Source)&#13;
	at sun.reflect.DelegatingConstructorAccessorImpl.newInstance(Unknown Source)&#13;
	at java.lang.reflect.Constructor.newInstance(Unknown Source)&#13;
	at org.openqa.selenium.remote.ErrorHandler.createThrowable(ErrorHandler.java:170)&#13;
	at org.openqa.selenium.remote.ErrorHandler.throwIfResponseFailed(ErrorHandler.java:123)&#13;
	at org.openqa.selenium.remote.RemoteWebDriver.execute(RemoteWebDriver.java:438)&#13;
	at org.openqa.selenium.remote.RemoteWebDriver.execute(RemoteWebDriver.java:442)&#13;
	at org.openqa.selenium.remote.RemoteWebDriver$RemoteTargetLocator.alert(RemoteWebDriver.java:697)&#13;
	at org.openqa.selenium.support.events.EventFiringWebDriver$EventFiringTargetLocator.alert(EventFiringWebDriver.java:589)&#13;
	at org.openqa.selenium.remote.server.handler.GetAlertText.call(GetAlertText.java:32)&#13;
	at org.openqa.selenium.remote.server.handler.GetAlertText.call(GetAlertText.java:1)&#13;
	at java.util.concurrent.FutureTask$Sync.innerRun(Unknown Source)&#13;
	at java.util.concurrent.FutureTask.run(Unknown Source)&#13;
	at java.util.concurrent.ThreadPoolExecutor$Worker.runTask(Unknown Source)&#13;
	at java.util.concurrent.ThreadPoolExecutor$Worker.run(Unknown Source)&#13;
	at java.lang.Thread.run(Unknown Source)&#13;
</failure></testcase></testsuite>